# JRE version: OpenJDK Runtime Environment (11.0.8+10) (build 11.0.8+10-b944.6842174)
# Java VM: OpenJDK 64-Bit Server VM (11.0.8+10-b944.6842174, mixed mode, tiered, compressed oops, g1 gc, windows-amd64)
Heap:
 garbage-first heap   total 98304K, used 79418K [0x0000000080000000, 0x0000000100000000)
  region size 1024K, 7 young (7168K), 1 survivors (1024K)
 Metaspace       used 88964K, capacity 91142K, committed 91372K, reserved 1128448K
  class space    used 11359K, capacity 12125K, committed 12184K, reserved 1048576K
GC Heap History (20 events):
Event: 54.885 GC heap before
{Heap before GC invocations=32 (full 0):
 garbage-first heap   total 98304K, used 80346K [0x0000000080000000, 0x0000000100000000)
  region size 1024K, 23 young (23552K), 4 survivors (4096K)
 Metaspace       used 78507K, capacity 80440K, committed 80748K, reserved 1120256K
  class space    used 10136K, capacity 10812K, committed 11032K, reserved 1048576K
}
Event: 54.902 GC heap after
{Heap after GC invocations=33 (full 0):
 garbage-first heap   total 98304K, used 64368K [0x0000000080000000, 0x0000000100000000)
  region size 1024K, 3 young (3072K), 3 survivors (3072K)
 Metaspace       used 78507K, capacity 80440K, committed 80748K, reserved 1120256K
  class space    used 10136K, capacity 10812K, committed 11032K, reserved 1048576K
}
Event: 55.223 GC heap before
{Heap before GC invocations=34 (full 0):
 garbage-first heap   total 98304K, used 80752K [0x0000000080000000, 0x0000000100000000)
  region size 1024K, 21 young (21504K), 3 survivors (3072K)
 Metaspace       used 78835K, capacity 80782K, committed 81004K, reserved 1120256K
  class space    used 10171K, capacity 10861K, committed 11032K, reserved 1048576K
}
Event: 55.227 GC heap after
{Heap after GC invocations=35 (full 0):
 garbage-first heap   total 98304K, used 64400K [0x0000000080000000, 0x0000000100000000)
  region size 1024K, 2 young (2048K), 2 survivors (2048K)
 Metaspace       used 78835K, capacity 80782K, committed 81004K, reserved 1120256K
  class space    used 10171K, capacity 10861K, committed 11032K, reserved 1048576K
}
Event: 55.488 GC heap before
{Heap before GC invocations=35 (full 0):
 garbage-first heap   total 98304K, used 80784K [0x0000000080000000, 0x0000000100000000)
  region size 1024K, 19 young (19456K), 2 survivors (2048K)
 Metaspace       used 78998K, capacity 80948K, committed 81260K, reserved 1120256K
  class space    used 10180K, capacity 10894K, committed 11032K, reserved 1048576K
}
Event: 55.491 GC heap after
{Heap after GC invocations=36 (full 0):
 garbage-first heap   total 98304K, used 63737K [0x0000000080000000, 0x0000000100000000)
  region size 1024K, 1 young (1024K), 1 survivors (1024K)
 Metaspace       used 78998K, capacity 80948K, committed 81260K, reserved 1120256K
  class space    used 10180K, capacity 10894K, committed 11032K, reserved 1048576K
}
Event: 56.236 GC heap before
{Heap before GC invocations=37 (full 0):
 garbage-first heap   total 98304K, used 81145K [0x0000000080000000, 0x0000000100000000)
  region size 1024K, 19 young (19456K), 1 survivors (1024K)
 Metaspace       used 79447K, capacity 81429K, committed 81772K, reserved 1120256K
  class space    used 10229K, capacity 10939K, committed 11032K, reserved 1048576K
}
Event: 56.238 GC heap after
{Heap after GC invocations=38 (full 0):
 garbage-first heap   total 98304K, used 63852K [0x0000000080000000, 0x0000000100000000)
  region size 1024K, 1 young (1024K), 1 survivors (1024K)
 Metaspace       used 79447K, capacity 81429K, committed 81772K, reserved 1120256K
  class space    used 10229K, capacity 10939K, committed 11032K, reserved 1048576K
}
Event: 56.891 GC heap before
{Heap before GC invocations=38 (full 0):
 garbage-first heap   total 98304K, used 81260K [0x0000000080000000, 0x0000000100000000)
  region size 1024K, 19 young (19456K), 1 survivors (1024K)
 Metaspace       used 82956K, capacity 84999K, committed 85100K, reserved 1122304K
  class space    used 10725K, capacity 11465K, committed 11544K, reserved 1048576K
}
Event: 56.895 GC heap after
{Heap after GC invocations=39 (full 0):
 garbage-first heap   total 98304K, used 64634K [0x0000000080000000, 0x0000000100000000)
  region size 1024K, 2 young (2048K), 2 survivors (2048K)
 Metaspace       used 82956K, capacity 84999K, committed 85100K, reserved 1122304K
  class space    used 10725K, capacity 11465K, committed 11544K, reserved 1048576K
}
Event: 57.374 GC heap before
{Heap before GC invocations=40 (full 0):
 garbage-first heap   total 98304K, used 74874K [0x0000000080000000, 0x0000000100000000)
  region size 1024K, 14 young (14336K), 2 survivors (2048K)
 Metaspace       used 86002K, capacity 88075K, committed 88300K, reserved 1126400K
  class space    used 11065K, capacity 11790K, committed 11928K, reserved 1048576K
}
Event: 57.382 GC heap after
{Heap after GC invocations=41 (full 0):
 garbage-first heap   total 98304K, used 65171K [0x0000000080000000, 0x0000000100000000)
  region size 1024K, 2 young (2048K), 2 survivors (2048K)
 Metaspace       used 86002K, capacity 88075K, committed 88300K, reserved 1126400K
  class space    used 11065K, capacity 11790K, committed 11928K, reserved 1048576K
}
Event: 57.980 GC heap before
{Heap before GC invocations=42 (full 0):
 garbage-first heap   total 98304K, used 83603K [0x0000000080000000, 0x0000000100000000)
  region size 1024K, 19 young (19456K), 2 survivors (2048K)
 Metaspace       used 86553K, capacity 88634K, committed 88812K, reserved 1126400K
  class space    used 11111K, capacity 11869K, committed 11928K, reserved 1048576K
}
Event: 57.990 GC heap after
{Heap after GC invocations=43 (full 0):
 garbage-first heap   total 98304K, used 71853K [0x0000000080000000, 0x0000000100000000)
  region size 1024K, 3 young (3072K), 3 survivors (3072K)
 Metaspace       used 86553K, capacity 88634K, committed 88812K, reserved 1126400K
  class space    used 11111K, capacity 11869K, committed 11928K, reserved 1048576K
}
Event: 58.653 GC heap before
{Heap before GC invocations=43 (full 0):
 garbage-first heap   total 98304K, used 83117K [0x0000000080000000, 0x0000000100000000)
  region size 1024K, 14 young (14336K), 3 survivors (3072K)
 Metaspace       used 87423K, capacity 89497K, committed 89708K, reserved 1126400K
  class space    used 11219K, capacity 11984K, committed 12056K, reserved 1048576K
}
Event: 58.661 GC heap after
{Heap after GC invocations=44 (full 0):
 garbage-first heap   total 98304K, used 74571K [0x0000000080000000, 0x0000000100000000)
  region size 1024K, 2 young (2048K), 2 survivors (2048K)
 Metaspace       used 87423K, capacity 89497K, committed 89708K, reserved 1126400K
  class space    used 11219K, capacity 11984K, committed 12056K, reserved 1048576K
}
Event: 59.099 GC heap before
{Heap before GC invocations=45 (full 0):
 garbage-first heap   total 98304K, used 83787K [0x0000000080000000, 0x0000000100000000)
  region size 1024K, 11 young (11264K), 2 survivors (2048K)
 Metaspace       used 88178K, capacity 90360K, committed 90604K, reserved 1128448K
  class space    used 11272K, capacity 12056K, committed 12184K, reserved 1048576K
}
Event: 59.103 GC heap after
{Heap after GC invocations=46 (full 0):
 garbage-first heap   total 98304K, used 75482K [0x0000000080000000, 0x0000000100000000)
  region size 1024K, 1 young (1024K), 1 survivors (1024K)
 Metaspace       used 88178K, capacity 90360K, committed 90604K, reserved 1128448K
  class space    used 11272K, capacity 12056K, committed 12184K, reserved 1048576K
}
Event: 59.344 GC heap before
{Heap before GC invocations=46 (full 0):
 garbage-first heap   total 98304K, used 83674K [0x0000000080000000, 0x0000000100000000)
  region size 1024K, 9 young (9216K), 1 survivors (1024K)
 Metaspace       used 88644K, capacity 90775K, committed 91116K, reserved 1128448K
  class space    used 11327K, capacity 12089K, committed 12184K, reserved 1048576K
}
Event: 59.349 GC heap after
{Heap after GC invocations=47 (full 0):
 garbage-first heap   total 98304K, used 76800K [0x0000000080000000, 0x0000000100000000)
  region size 1024K, 2 young (2048K), 2 survivors (2048K)
 Metaspace       used 88644K, capacity 90775K, committed 91116K, reserved 1128448K
  class space    used 11327K, capacity 12089K, committed 12184K, reserved 1048576K
}

